{"contracts/IkuToken_v2.sol":{"l":{"10":0,"14":0,"15":0,"16":0,"17":0,"18":0,"19":0},"path":"/Users/vcrizpy/Desktop/dapps/gitcoin/Upgradable/alpha/contracts/IkuToken_v2.sol","s":{"1":0,"2":0,"3":0,"4":0,"5":0,"6":0,"7":0},"b":{"1":[0,0],"2":[0,0]},"f":{"1":0,"2":0},"fnMap":{"1":{"name":"getContractVersion","line":9,"loc":{"start":{"line":9,"column":1},"end":{"line":9,"column":56}}},"2":{"name":"initialize","line":13,"loc":{"start":{"line":13,"column":1},"end":{"line":13,"column":51}}}},"statementMap":{"1":{"start":{"line":10,"column":2},"end":{"line":10,"column":10}},"2":{"start":{"line":14,"column":2},"end":{"line":14,"column":67}},"3":{"start":{"line":15,"column":2},"end":{"line":15,"column":47}},"4":{"start":{"line":16,"column":2},"end":{"line":16,"column":21}},"5":{"start":{"line":17,"column":2},"end":{"line":17,"column":30}},"6":{"start":{"line":18,"column":8},"end":{"line":18,"column":44}},"7":{"start":{"line":19,"column":8},"end":{"line":19,"column":54}}},"branchMap":{"1":{"line":14,"type":"if","locations":[{"start":{"line":14,"column":2},"end":{"line":14,"column":2}},{"start":{"line":14,"column":2},"end":{"line":14,"column":2}}]},"2":{"line":15,"type":"if","locations":[{"start":{"line":15,"column":2},"end":{"line":15,"column":2}},{"start":{"line":15,"column":2},"end":{"line":15,"column":2}}]}}},"contracts/IkuToken.sol":{"l":{"15":1,"16":1,"17":1},"path":"/Users/vcrizpy/Desktop/dapps/gitcoin/Upgradable/alpha/contracts/IkuToken.sol","s":{"1":1,"2":1,"3":1},"b":{},"f":{"1":1},"fnMap":{"1":{"name":null,"line":14,"loc":{"start":{"line":14,"column":4},"end":{"line":14,"column":21}}}},"statementMap":{"1":{"start":{"line":15,"column":8},"end":{"line":15,"column":36}},"2":{"start":{"line":16,"column":8},"end":{"line":16,"column":44}},"3":{"start":{"line":17,"column":8},"end":{"line":17,"column":54}}},"branchMap":{}},"contracts/ResearchSpecificToken_v2.sol":{"l":{"14":0},"path":"/Users/vcrizpy/Desktop/dapps/gitcoin/Upgradable/alpha/contracts/ResearchSpecificToken_v2.sol","s":{"1":0},"b":{},"f":{"1":0,"2":0},"fnMap":{"1":{"name":null,"line":7,"loc":{"start":{"line":7,"column":1},"end":{"line":11,"column":75}}},"2":{"name":"getContractVersion","line":13,"loc":{"start":{"line":13,"column":4},"end":{"line":13,"column":56}}}},"statementMap":{"1":{"start":{"line":14,"column":8},"end":{"line":14,"column":16}}},"branchMap":{}},"contracts/ResearchSpecificToken.sol":{"l":{"16":0,"17":0,"18":0},"path":"/Users/vcrizpy/Desktop/dapps/gitcoin/Upgradable/alpha/contracts/ResearchSpecificToken.sol","s":{"1":0,"2":0,"3":0},"b":{},"f":{"1":0},"fnMap":{"1":{"name":null,"line":11,"loc":{"start":{"line":11,"column":4},"end":{"line":15,"column":13}}}},"statementMap":{"1":{"start":{"line":16,"column":8},"end":{"line":16,"column":31}},"2":{"start":{"line":17,"column":8},"end":{"line":17,"column":24}},"3":{"start":{"line":18,"column":8},"end":{"line":18,"column":28}}},"branchMap":{}},"contracts/RSTCrowdsale_v2.sol":{"l":{"26":0},"path":"/Users/vcrizpy/Desktop/dapps/gitcoin/Upgradable/alpha/contracts/RSTCrowdsale_v2.sol","s":{"1":0},"b":{},"f":{"1":0,"2":0},"fnMap":{"1":{"name":null,"line":7,"loc":{"start":{"line":7,"column":4},"end":{"line":23,"column":14}}},"2":{"name":"getContractVersion","line":25,"loc":{"start":{"line":25,"column":4},"end":{"line":25,"column":58}}}},"statementMap":{"1":{"start":{"line":26,"column":8},"end":{"line":26,"column":20}}},"branchMap":{}},"contracts/RSTCrowdsale.sol":{"l":{"28":0},"path":"/Users/vcrizpy/Desktop/dapps/gitcoin/Upgradable/alpha/contracts/RSTCrowdsale.sol","s":{"1":0},"b":{"1":[0,0]},"f":{"1":0},"fnMap":{"1":{"name":null,"line":11,"loc":{"start":{"line":11,"column":2},"end":{"line":24,"column":3}}}},"statementMap":{"1":{"start":{"line":28,"column":4},"end":{"line":28,"column":25}}},"branchMap":{"1":{"line":28,"type":"if","locations":[{"start":{"line":28,"column":4},"end":{"line":28,"column":4}},{"start":{"line":28,"column":4},"end":{"line":28,"column":4}}]}}},"contracts/upgradability/IRegistry.sol":{"l":{},"path":"/Users/vcrizpy/Desktop/dapps/gitcoin/Upgradable/alpha/contracts/upgradability/IRegistry.sol","s":{},"b":{},"f":{},"fnMap":{},"statementMap":{},"branchMap":{}},"contracts/upgradability/Proxy.sol":{"l":{"20":0,"21":0,"23":0},"path":"/Users/vcrizpy/Desktop/dapps/gitcoin/Upgradable/alpha/contracts/upgradability/Proxy.sol","s":{"1":0,"2":0},"b":{"1":[0,0]},"f":{"1":0},"fnMap":{"1":{"name":null,"line":19,"loc":{"start":{"line":19,"column":2},"end":{"line":19,"column":28}}}},"statementMap":{"1":{"start":{"line":20,"column":4},"end":{"line":20,"column":35}},"2":{"start":{"line":21,"column":4},"end":{"line":21,"column":31}}},"branchMap":{"1":{"line":21,"type":"if","locations":[{"start":{"line":21,"column":4},"end":{"line":21,"column":4}},{"start":{"line":21,"column":4},"end":{"line":21,"column":4}}]}}},"contracts/upgradability/Registry.sol":{"l":{"22":0,"23":0,"24":0,"34":0,"44":0,"45":0,"46":0,"47":0},"path":"/Users/vcrizpy/Desktop/dapps/gitcoin/Upgradable/alpha/contracts/upgradability/Registry.sol","s":{"1":0,"2":0,"3":0,"4":0,"5":0,"6":0,"7":0,"8":0},"b":{"1":[0,0]},"f":{"1":0,"2":0,"3":0},"fnMap":{"1":{"name":"addVersion","line":21,"loc":{"start":{"line":21,"column":2},"end":{"line":21,"column":91}}},"2":{"name":"getVersion","line":33,"loc":{"start":{"line":33,"column":2},"end":{"line":33,"column":90}}},"3":{"name":"createProxy","line":43,"loc":{"start":{"line":43,"column":2},"end":{"line":43,"column":104}}}},"statementMap":{"1":{"start":{"line":22,"column":4},"end":{"line":22,"column":93}},"2":{"start":{"line":23,"column":4},"end":{"line":23,"column":51}},"3":{"start":{"line":24,"column":4},"end":{"line":24,"column":60}},"4":{"start":{"line":34,"column":4},"end":{"line":34,"column":42}},"5":{"start":{"line":44,"column":4},"end":{"line":44,"column":77}},"6":{"start":{"line":45,"column":4},"end":{"line":45,"column":21}},"7":{"start":{"line":46,"column":4},"end":{"line":46,"column":28}},"8":{"start":{"line":47,"column":4},"end":{"line":47,"column":16}}},"branchMap":{"1":{"line":22,"type":"if","locations":[{"start":{"line":22,"column":4},"end":{"line":22,"column":4}},{"start":{"line":22,"column":4},"end":{"line":22,"column":4}}]}}},"contracts/upgradability/UpgradeabilityProxy.sol":{"l":{"17":0,"18":0,"27":0},"path":"/Users/vcrizpy/Desktop/dapps/gitcoin/Upgradable/alpha/contracts/upgradability/UpgradeabilityProxy.sol","s":{"1":0,"2":0,"3":0},"b":{},"f":{"1":0,"2":0},"fnMap":{"1":{"name":null,"line":16,"loc":{"start":{"line":16,"column":2},"end":{"line":16,"column":59}}},"2":{"name":"upgradeTo","line":26,"loc":{"start":{"line":26,"column":2},"end":{"line":26,"column":66}}}},"statementMap":{"1":{"start":{"line":17,"column":4},"end":{"line":17,"column":35}},"2":{"start":{"line":18,"column":4},"end":{"line":18,"column":37}},"3":{"start":{"line":27,"column":4},"end":{"line":27,"column":65}}},"branchMap":{}},"contracts/upgradability/UpgradeabilityStorage.sol":{"l":{"21":0},"path":"/Users/vcrizpy/Desktop/dapps/gitcoin/Upgradable/alpha/contracts/upgradability/UpgradeabilityStorage.sol","s":{"1":0},"b":{},"f":{"1":0},"fnMap":{"1":{"name":"implementation","line":20,"loc":{"start":{"line":20,"column":2},"end":{"line":20,"column":57}}}},"statementMap":{"1":{"start":{"line":21,"column":4},"end":{"line":21,"column":26}}},"branchMap":{}},"contracts/upgradability/Upgradeable.sol":{"l":{"17":0},"path":"/Users/vcrizpy/Desktop/dapps/gitcoin/Upgradable/alpha/contracts/upgradability/Upgradeable.sol","s":{"1":0},"b":{"1":[0,0]},"f":{"1":0},"fnMap":{"1":{"name":"initialize","line":16,"loc":{"start":{"line":16,"column":2},"end":{"line":16,"column":52}}}},"statementMap":{"1":{"start":{"line":17,"column":4},"end":{"line":17,"column":69}}},"branchMap":{"1":{"line":17,"type":"if","locations":[{"start":{"line":17,"column":4},"end":{"line":17,"column":4}},{"start":{"line":17,"column":4},"end":{"line":17,"column":4}}]}}}}