{"contracts/IkuToken_v2.sol":{"l":{"13":0,"22":0,"23":0,"24":0,"25":0,"26":0,"27":0},"path":"/Users/vcrizpy/Desktop/dapps/gitcoin/Upgradable/alpha/contracts/IkuToken_v2.sol","s":{"1":0,"2":0,"3":0,"4":0,"5":0,"6":0,"7":0},"b":{"1":[0,0]},"f":{"1":0,"2":0},"fnMap":{"1":{"name":"getContractVersion","line":12,"loc":{"start":{"line":12,"column":1},"end":{"line":12,"column":56}}},"2":{"name":"initialize","line":21,"loc":{"start":{"line":21,"column":1},"end":{"line":21,"column":51}}}},"statementMap":{"1":{"start":{"line":13,"column":2},"end":{"line":13,"column":10}},"2":{"start":{"line":22,"column":2},"end":{"line":22,"column":47}},"3":{"start":{"line":23,"column":2},"end":{"line":23,"column":21}},"4":{"start":{"line":24,"column":2},"end":{"line":24,"column":15}},"5":{"start":{"line":25,"column":2},"end":{"line":25,"column":30}},"6":{"start":{"line":26,"column":8},"end":{"line":26,"column":40}},"7":{"start":{"line":27,"column":8},"end":{"line":27,"column":50}}},"branchMap":{"1":{"line":22,"type":"if","locations":[{"start":{"line":22,"column":2},"end":{"line":22,"column":2}},{"start":{"line":22,"column":2},"end":{"line":22,"column":2}}]}}},"contracts/IkuToken.sol":{"l":{"17":1,"18":1,"19":1,"28":0,"29":0,"30":0,"31":0,"32":0,"33":0},"path":"/Users/vcrizpy/Desktop/dapps/gitcoin/Upgradable/alpha/contracts/IkuToken.sol","s":{"1":1,"2":1,"3":1,"4":0,"5":0,"6":0,"7":0,"8":0,"9":0},"b":{"1":[0,0]},"f":{"1":1,"2":0},"fnMap":{"1":{"name":null,"line":16,"loc":{"start":{"line":16,"column":4},"end":{"line":16,"column":21}}},"2":{"name":"initialize","line":27,"loc":{"start":{"line":27,"column":4},"end":{"line":27,"column":51}}}},"statementMap":{"1":{"start":{"line":17,"column":8},"end":{"line":17,"column":36}},"2":{"start":{"line":18,"column":8},"end":{"line":18,"column":44}},"3":{"start":{"line":19,"column":8},"end":{"line":19,"column":54}},"4":{"start":{"line":28,"column":8},"end":{"line":28,"column":53}},"5":{"start":{"line":29,"column":8},"end":{"line":29,"column":27}},"6":{"start":{"line":30,"column":8},"end":{"line":30,"column":21}},"7":{"start":{"line":31,"column":8},"end":{"line":31,"column":36}},"8":{"start":{"line":32,"column":8},"end":{"line":32,"column":40}},"9":{"start":{"line":33,"column":8},"end":{"line":33,"column":50}}},"branchMap":{"1":{"line":28,"type":"if","locations":[{"start":{"line":28,"column":8},"end":{"line":28,"column":8}},{"start":{"line":28,"column":8},"end":{"line":28,"column":8}}]}}},"contracts/ResearchSpecificToken_v2.sol":{"l":{"27":0,"28":0,"29":0,"30":0,"31":0,"32":0,"33":0,"40":0},"path":"/Users/vcrizpy/Desktop/dapps/gitcoin/Upgradable/alpha/contracts/ResearchSpecificToken_v2.sol","s":{"1":0,"2":0,"3":0,"4":0,"5":0,"6":0,"7":0,"8":0},"b":{"1":[0,0],"2":[0,0]},"f":{"1":0,"2":0,"3":0},"fnMap":{"1":{"name":null,"line":9,"loc":{"start":{"line":9,"column":1},"end":{"line":13,"column":76}}},"2":{"name":"initializeRSToken","line":22,"loc":{"start":{"line":22,"column":4},"end":{"line":26,"column":14}}},"3":{"name":"getContractVersion","line":39,"loc":{"start":{"line":39,"column":4},"end":{"line":39,"column":56}}}},"statementMap":{"1":{"start":{"line":27,"column":5},"end":{"line":27,"column":50}},"2":{"start":{"line":28,"column":5},"end":{"line":28,"column":53}},"3":{"start":{"line":29,"column":5},"end":{"line":29,"column":24}},"4":{"start":{"line":30,"column":5},"end":{"line":30,"column":22}},"5":{"start":{"line":31,"column":8},"end":{"line":31,"column":31}},"6":{"start":{"line":32,"column":8},"end":{"line":32,"column":24}},"7":{"start":{"line":33,"column":8},"end":{"line":33,"column":28}},"8":{"start":{"line":40,"column":8},"end":{"line":40,"column":16}}},"branchMap":{"1":{"line":27,"type":"if","locations":[{"start":{"line":27,"column":5},"end":{"line":27,"column":5}},{"start":{"line":27,"column":5},"end":{"line":27,"column":5}}]},"2":{"line":28,"type":"if","locations":[{"start":{"line":28,"column":5},"end":{"line":28,"column":5}},{"start":{"line":28,"column":5},"end":{"line":28,"column":5}}]}}},"contracts/ResearchSpecificToken.sol":{"l":{"18":0,"19":0,"20":0,"35":0,"36":0,"37":0,"38":0,"39":0,"40":0,"41":0},"path":"/Users/vcrizpy/Desktop/dapps/gitcoin/Upgradable/alpha/contracts/ResearchSpecificToken.sol","s":{"1":0,"2":0,"3":0,"4":0,"5":0,"6":0,"7":0,"8":0,"9":0,"10":0},"b":{"1":[0,0],"2":[0,0]},"f":{"1":0,"2":0},"fnMap":{"1":{"name":null,"line":13,"loc":{"start":{"line":13,"column":4},"end":{"line":17,"column":13}}},"2":{"name":"initializeRSToken","line":30,"loc":{"start":{"line":30,"column":4},"end":{"line":34,"column":14}}}},"statementMap":{"1":{"start":{"line":18,"column":8},"end":{"line":18,"column":31}},"2":{"start":{"line":19,"column":8},"end":{"line":19,"column":24}},"3":{"start":{"line":20,"column":8},"end":{"line":20,"column":28}},"4":{"start":{"line":35,"column":8},"end":{"line":35,"column":53}},"5":{"start":{"line":36,"column":8},"end":{"line":36,"column":56}},"6":{"start":{"line":37,"column":8},"end":{"line":37,"column":27}},"7":{"start":{"line":38,"column":8},"end":{"line":38,"column":25}},"8":{"start":{"line":39,"column":8},"end":{"line":39,"column":31}},"9":{"start":{"line":40,"column":8},"end":{"line":40,"column":24}},"10":{"start":{"line":41,"column":8},"end":{"line":41,"column":28}}},"branchMap":{"1":{"line":35,"type":"if","locations":[{"start":{"line":35,"column":8},"end":{"line":35,"column":8}},{"start":{"line":35,"column":8},"end":{"line":35,"column":8}}]},"2":{"line":36,"type":"if","locations":[{"start":{"line":36,"column":8},"end":{"line":36,"column":8}},{"start":{"line":36,"column":8},"end":{"line":36,"column":8}}]}}},"contracts/RSTCrowdsale.sol":{"l":{"27":0},"path":"/Users/vcrizpy/Desktop/dapps/gitcoin/Upgradable/alpha/contracts/RSTCrowdsale.sol","s":{"1":0},"b":{"1":[0,0]},"f":{"1":0},"fnMap":{"1":{"name":null,"line":10,"loc":{"start":{"line":10,"column":2},"end":{"line":23,"column":3}}}},"statementMap":{"1":{"start":{"line":27,"column":4},"end":{"line":27,"column":25}}},"branchMap":{"1":{"line":27,"type":"if","locations":[{"start":{"line":27,"column":4},"end":{"line":27,"column":4}},{"start":{"line":27,"column":4},"end":{"line":27,"column":4}}]}}},"contracts/upgradability/IRegistry.sol":{"l":{},"path":"/Users/vcrizpy/Desktop/dapps/gitcoin/Upgradable/alpha/contracts/upgradability/IRegistry.sol","s":{},"b":{},"f":{},"fnMap":{},"statementMap":{},"branchMap":{}},"contracts/upgradability/Proxy.sol":{"l":{"20":0,"21":0,"23":0},"path":"/Users/vcrizpy/Desktop/dapps/gitcoin/Upgradable/alpha/contracts/upgradability/Proxy.sol","s":{"1":0,"2":0},"b":{"1":[0,0]},"f":{"1":0},"fnMap":{"1":{"name":null,"line":19,"loc":{"start":{"line":19,"column":2},"end":{"line":19,"column":28}}}},"statementMap":{"1":{"start":{"line":20,"column":4},"end":{"line":20,"column":35}},"2":{"start":{"line":21,"column":4},"end":{"line":21,"column":31}}},"branchMap":{"1":{"line":21,"type":"if","locations":[{"start":{"line":21,"column":4},"end":{"line":21,"column":4}},{"start":{"line":21,"column":4},"end":{"line":21,"column":4}}]}}},"contracts/upgradability/Registry.sol":{"l":{"22":0,"23":0,"24":0,"34":0,"44":0,"45":0,"46":0,"47":0},"path":"/Users/vcrizpy/Desktop/dapps/gitcoin/Upgradable/alpha/contracts/upgradability/Registry.sol","s":{"1":0,"2":0,"3":0,"4":0,"5":0,"6":0,"7":0,"8":0},"b":{"1":[0,0]},"f":{"1":0,"2":0,"3":0},"fnMap":{"1":{"name":"addVersion","line":21,"loc":{"start":{"line":21,"column":2},"end":{"line":21,"column":91}}},"2":{"name":"getVersion","line":33,"loc":{"start":{"line":33,"column":2},"end":{"line":33,"column":90}}},"3":{"name":"createProxy","line":43,"loc":{"start":{"line":43,"column":2},"end":{"line":43,"column":104}}}},"statementMap":{"1":{"start":{"line":22,"column":4},"end":{"line":22,"column":93}},"2":{"start":{"line":23,"column":4},"end":{"line":23,"column":51}},"3":{"start":{"line":24,"column":4},"end":{"line":24,"column":60}},"4":{"start":{"line":34,"column":4},"end":{"line":34,"column":42}},"5":{"start":{"line":44,"column":4},"end":{"line":44,"column":77}},"6":{"start":{"line":45,"column":4},"end":{"line":45,"column":21}},"7":{"start":{"line":46,"column":4},"end":{"line":46,"column":51}},"8":{"start":{"line":47,"column":4},"end":{"line":47,"column":16}}},"branchMap":{"1":{"line":22,"type":"if","locations":[{"start":{"line":22,"column":4},"end":{"line":22,"column":4}},{"start":{"line":22,"column":4},"end":{"line":22,"column":4}}]}}},"contracts/upgradability/UpgradeabilityProxy.sol":{"l":{"17":0,"18":0,"27":0},"path":"/Users/vcrizpy/Desktop/dapps/gitcoin/Upgradable/alpha/contracts/upgradability/UpgradeabilityProxy.sol","s":{"1":0,"2":0,"3":0},"b":{},"f":{"1":0,"2":0},"fnMap":{"1":{"name":null,"line":16,"loc":{"start":{"line":16,"column":2},"end":{"line":16,"column":59}}},"2":{"name":"upgradeTo","line":26,"loc":{"start":{"line":26,"column":2},"end":{"line":26,"column":66}}}},"statementMap":{"1":{"start":{"line":17,"column":4},"end":{"line":17,"column":35}},"2":{"start":{"line":18,"column":4},"end":{"line":18,"column":37}},"3":{"start":{"line":27,"column":4},"end":{"line":27,"column":65}}},"branchMap":{}},"contracts/upgradability/UpgradeabilityStorage.sol":{"l":{"21":0},"path":"/Users/vcrizpy/Desktop/dapps/gitcoin/Upgradable/alpha/contracts/upgradability/UpgradeabilityStorage.sol","s":{"1":0},"b":{},"f":{"1":0},"fnMap":{"1":{"name":"implementation","line":20,"loc":{"start":{"line":20,"column":2},"end":{"line":20,"column":57}}}},"statementMap":{"1":{"start":{"line":21,"column":4},"end":{"line":21,"column":26}}},"branchMap":{}},"contracts/upgradability/Upgradeable.sol":{"l":{"17":0},"path":"/Users/vcrizpy/Desktop/dapps/gitcoin/Upgradable/alpha/contracts/upgradability/Upgradeable.sol","s":{"1":0},"b":{"1":[0,0]},"f":{"1":0},"fnMap":{"1":{"name":"initialize","line":16,"loc":{"start":{"line":16,"column":2},"end":{"line":16,"column":52}}}},"statementMap":{"1":{"start":{"line":17,"column":4},"end":{"line":17,"column":69}}},"branchMap":{"1":{"line":17,"type":"if","locations":[{"start":{"line":17,"column":4},"end":{"line":17,"column":4}},{"start":{"line":17,"column":4},"end":{"line":17,"column":4}}]}}}}